# JRE version: OpenJDK Runtime Environment (25.0.1+8) (build 25.0.1+8-27)
# Java VM: OpenJDK 64-Bit Server VM (25.0.1+8-27, mixed mode, sharing, tiered, compressed oops, compressed class ptrs, g1 gc, windows-amd64)
GC Precious Log:
 CardTable entry size: 512
 Card Set container configuration: InlinePtr #cards 4 size 8 Array Of Cards #cards 16 size 48 Howl #buckets 8 coarsen threshold 3686 Howl Bitmap #cards 512 size 80 coarsen threshold 460 Card regions per heap region 1 cards per card region 4096
 CPUs: 24 total, 24 available
 Memory: 16224M
 Large Page Support: Disabled
 NUMA Support: Disabled
 Compressed Oops: Enabled (Zero based)
 Heap Region Size: 2M
 Heap Min Capacity: 8M
 Heap Initial Capacity: 254M
 Heap Max Capacity: 4058M
 Pre-touch: Disabled
 Parallel Workers: 18
 Concurrent Workers: 5
 Concurrent Refinement Workers: 18
 Periodic GC: Disabled
Heap:
 garbage-first heap   total reserved 4155392K, committed 108544K, used 82513K [0x0000000702600000, 0x0000000800000000)
  region size 2048K, 24 young (49152K), 1 survivors (2048K)
GC Heap Usage History (20 events):
Event: 2.916 {heap Before GC invocations=3 (full 0):
 garbage-first heap   total reserved 4155392K, committed 69632K, used 66881K [0x0000000702600000, 0x0000000800000000)
  region size 2048K, 31 young (63488K), 7 survivors (14336K)
}
Event: 2.929 {heap After GC invocations=4 (full 0):
 garbage-first heap   total reserved 4155392K, committed 90112K, used 22759K [0x0000000702600000, 0x0000000800000000)
  region size 2048K, 6 young (12288K), 6 survivors (12288K)
}
Event: 3.621 {heap Before GC invocations=4 (full 0):
 garbage-first heap   total reserved 4155392K, committed 90112K, used 61671K [0x0000000702600000, 0x0000000800000000)
  region size 2048K, 25 young (51200K), 6 survivors (12288K)
}
Event: 3.631 {heap After GC invocations=5 (full 0):
 garbage-first heap   total reserved 4155392K, committed 90112K, used 25271K [0x0000000702600000, 0x0000000800000000)
  region size 2048K, 2 young (4096K), 2 survivors (4096K)
}
Event: 3.720 {heap Before GC invocations=5 (full 0):
 garbage-first heap   total reserved 4155392K, committed 90112K, used 27319K [0x0000000702600000, 0x0000000800000000)
  region size 2048K, 4 young (8192K), 2 survivors (4096K)
}
Event: 3.724 {heap After GC invocations=6 (full 0):
 garbage-first heap   total reserved 4155392K, committed 90112K, used 24940K [0x0000000702600000, 0x0000000800000000)
  region size 2048K, 2 young (4096K), 2 survivors (4096K)
}
Event: 6.444 {heap Before GC invocations=7 (full 0):
 garbage-first heap   total reserved 4155392K, committed 90112K, used 65900K [0x0000000702600000, 0x0000000800000000)
  region size 2048K, 22 young (45056K), 2 survivors (4096K)
}
Event: 6.450 {heap After GC invocations=8 (full 0):
 garbage-first heap   total reserved 4155392K, committed 90112K, used 30674K [0x0000000702600000, 0x0000000800000000)
  region size 2048K, 3 young (6144K), 3 survivors (6144K)
}
Event: 7.105 {heap Before GC invocations=8 (full 0):
 garbage-first heap   total reserved 4155392K, committed 90112K, used 61394K [0x0000000702600000, 0x0000000800000000)
  region size 2048K, 20 young (40960K), 3 survivors (6144K)
}
Event: 7.113 {heap After GC invocations=9 (full 0):
 garbage-first heap   total reserved 4155392K, committed 90112K, used 30648K [0x0000000702600000, 0x0000000800000000)
  region size 2048K, 1 young (2048K), 1 survivors (2048K)
}
Event: 7.148 {heap Before GC invocations=9 (full 0):
 garbage-first heap   total reserved 4155392K, committed 90112K, used 30648K [0x0000000702600000, 0x0000000800000000)
  region size 2048K, 2 young (4096K), 1 survivors (2048K)
}
Event: 7.151 {heap After GC invocations=10 (full 0):
 garbage-first heap   total reserved 4155392K, committed 90112K, used 30599K [0x0000000702600000, 0x0000000800000000)
  region size 2048K, 1 young (2048K), 1 survivors (2048K)
}
Event: 8.903 {heap Before GC invocations=11 (full 0):
 garbage-first heap   total reserved 4155392K, committed 90112K, used 75655K [0x0000000702600000, 0x0000000800000000)
  region size 2048K, 23 young (47104K), 1 survivors (2048K)
}
Event: 8.907 {heap After GC invocations=12 (full 0):
 garbage-first heap   total reserved 4155392K, committed 90112K, used 33172K [0x0000000702600000, 0x0000000800000000)
  region size 2048K, 3 young (6144K), 3 survivors (6144K)
}
Event: 9.392 {heap Before GC invocations=12 (full 0):
 garbage-first heap   total reserved 4155392K, committed 90112K, used 76180K [0x0000000702600000, 0x0000000800000000)
  region size 2048K, 24 young (49152K), 3 survivors (6144K)
}
Event: 9.406 {heap After GC invocations=13 (full 0):
 garbage-first heap   total reserved 4155392K, committed 90112K, used 35847K [0x0000000702600000, 0x0000000800000000)
  region size 2048K, 3 young (6144K), 3 survivors (6144K)
}
Event: 9.728 {heap Before GC invocations=13 (full 0):
 garbage-first heap   total reserved 4155392K, committed 90112K, used 74759K [0x0000000702600000, 0x0000000800000000)
  region size 2048K, 23 young (47104K), 3 survivors (6144K)
}
Event: 9.733 {heap After GC invocations=14 (full 0):
 garbage-first heap   total reserved 4155392K, committed 108544K, used 37454K [0x0000000702600000, 0x0000000800000000)
  region size 2048K, 1 young (2048K), 1 survivors (2048K)
}
Event: 9.872 {heap Before GC invocations=14 (full 0):
 garbage-first heap   total reserved 4155392K, committed 108544K, used 92750K [0x0000000702600000, 0x0000000800000000)
  region size 2048K, 28 young (57344K), 1 survivors (2048K)
}
Event: 9.874 {heap After GC invocations=15 (full 0):
 garbage-first heap   total reserved 4155392K, committed 108544K, used 37457K [0x0000000702600000, 0x0000000800000000)
  region size 2048K, 1 young (2048K), 1 survivors (2048K)
}

